<?xml version="1.0" encoding="UTF-8"?>
<!-- Generated by org.testng.reporters.JUnitReportReporter -->
<testsuite hostname="DESKTOP-7GTGVOB" failures="0" tests="1" name="tests.verify_product_quantity_in_cart" time="8.896" errors="0" timestamp="2025-05-06T02:29:12 EEST" skipped="0">
  <testcase classname="tests.verify_product_quantity_in_cart" name="verifyProductQuantityInCart" time="8.896"/>
</testsuite> <!-- tests.verify_product_quantity_in_cart -->
