<?xml version="1.0" encoding="UTF-8"?>
<!-- Generated by org.testng.reporters.JUnitReportReporter -->
<testsuite hostname="DESKTOP-7GTGVOB" failures="0" tests="1" name="tests.verify_subscription_in_home_page" time="0.438" errors="0" timestamp="2025-05-06T02:19:46 EEST" skipped="0">
  <testcase classname="tests.verify_subscription_in_home_page" name="verifySubscriptionInHomePage" time="0.438"/>
</testsuite> <!-- tests.verify_subscription_in_home_page -->
