<?xml version="1.0" encoding="UTF-8"?>
<!-- Generated by org.testng.reporters.JUnitReportReporter -->
<testsuite hostname="DESKTOP-7GTGVOB" failures="0" tests="1" name="tests.add_products_in_cart" time="5.130" errors="0" timestamp="2025-05-06T02:20:35 EEST" skipped="0">
  <testcase classname="tests.add_products_in_cart" name="addProductsInCart" time="5.130"/>
</testsuite> <!-- tests.add_products_in_cart -->
