<?xml version="1.0" encoding="UTF-8"?>
<!-- Generated by org.testng.reporters.JUnitReportReporter -->
<testsuite hostname="DESKTOP-O9RI43L" failures="0" tests="3" name="tests.ResgisterAllTests_HappyAndNegative" time="26.756" errors="0" timestamp="2025-05-04T20:34:15 EEST" skipped="0">
  <testcase classname="tests.ResgisterAllTests_HappyAndNegative" name="Register_Test_HappyScenarioFullData" time="14.018"/>
  <testcase classname="tests.ResgisterAllTests_HappyAndNegative" name="Register_Test_HappyScenarioBasicData" time="10.436"/>
  <testcase classname="tests.ResgisterAllTests_HappyAndNegative" name="RegisterTest_Negative_Scenario" time="2.302"/>
</testsuite> <!-- tests.ResgisterAllTests_HappyAndNegative -->
