<?xml version="1.0" encoding="UTF-8"?>
<!-- Generated by org.testng.reporters.JUnitReportReporter -->
<testsuite hostname="DESKTOP-O9RI43L" failures="0" tests="3" name="tests.LoginTest_Happy_And_Negative_Scenario" time="12.713" errors="0" timestamp="2025-05-04T20:31:11 EEST" skipped="0">
  <testcase classname="tests.LoginTest_Happy_And_Negative_Scenario" name="LoginTest_HappyScenario" time="7.660"/>
  <testcase classname="tests.LoginTest_Happy_And_Negative_Scenario" name="LoginTest_NegativeScenario" time="2.735"/>
  <testcase classname="tests.LoginTest_Happy_And_Negative_Scenario" name="LoginTest_NegativeScenario" time="2.318"/>
</testsuite> <!-- tests.LoginTest_Happy_And_Negative_Scenario -->
