<?xml version="1.0" encoding="UTF-8"?>
<!-- Generated by org.testng.reporters.JUnitReportReporter -->
<testsuite hostname="DESKTOP-DJ1U42P" failures="0" tests="1" name="tests.add_products_in_cart" time="6.306" errors="0" timestamp="2025-05-09T01:28:26 EEST" skipped="0">
  <testcase classname="tests.add_products_in_cart" name="addProductsInCart" time="6.306"/>
</testsuite> <!-- tests.add_products_in_cart -->
