<?xml version="1.0" encoding="UTF-8"?>
<!-- Generated by org.testng.reporters.JUnitReportReporter -->
<testsuite hostname="DESKTOP-7GTGVOB" failures="0" tests="3" name="tests.LoginTest_Happy_And_Negative_Scenario" time="8.340" errors="0" timestamp="2025-05-05T21:25:48 EEST" skipped="0">
  <testcase classname="tests.LoginTest_Happy_And_Negative_Scenario" name="LoginTest_HappyScenario" time="5.110"/>
  <testcase classname="tests.LoginTest_Happy_And_Negative_Scenario" name="LoginTest_NegativeScenario" time="1.648"/>
  <testcase classname="tests.LoginTest_Happy_And_Negative_Scenario" name="LoginTest_NegativeScenario" time="1.582"/>
</testsuite> <!-- tests.LoginTest_Happy_And_Negative_Scenario -->
