<?xml version="1.0" encoding="UTF-8"?>
<!-- Generated by org.testng.reporters.JUnitReportReporter -->
<testsuite hostname="DESKTOP-O9RI43L" failures="0" tests="1" name="tests.ResgisterTest" time="15.014" errors="0" timestamp="2025-05-03T22:55:35 EEST" skipped="0">
  <testcase classname="tests.ResgisterTest" name="Register_Test_HappyScenario" time="15.014"/>
</testsuite> <!-- tests.ResgisterTest -->
