<?xml version="1.0" encoding="UTF-8"?>
<!-- Generated by org.testng.reporters.JUnitReportReporter -->
<testsuite hostname="DESKTOP-DJ1U42P" failures="0" tests="1" name="tests.SearchProductsandVerifyCartAfterLogin" time="19.654" errors="0" timestamp="2025-05-12T16:50:27 EEST" skipped="0">
  <testcase classname="tests.SearchProductsandVerifyCartAfterLogin" name="Shearch" time="19.654"/>
</testsuite> <!-- tests.SearchProductsandVerifyCartAfterLogin -->
