<?xml version="1.0" encoding="UTF-8"?>
<!-- Generated by org.testng.reporters.JUnitReportReporter -->
<testsuite hostname="DESKTOP-7GTGVOB" failures="0" tests="1" name="tests.verify_subscription_in_cart_page" time="2.138" errors="0" timestamp="2025-05-06T02:20:13 EEST" skipped="0">
  <testcase classname="tests.verify_subscription_in_cart_page" name="verifySubscriptionInCartPage" time="2.138"/>
</testsuite> <!-- tests.verify_subscription_in_cart_page -->
