<?xml version="1.0" encoding="UTF-8"?>
<!-- Generated by org.testng.reporters.JUnitReportReporter -->
<testsuite hostname="DESKTOP-6LTQRNV" failures="0" tests="1" name="tests.TestCases" time="1.824" errors="0" timestamp="2025-05-08T03:19:52 EEST" skipped="0">
  <testcase classname="tests.TestCases" name="f" time="1.824"/>
</testsuite> <!-- tests.TestCases -->
