<?xml version="1.0" encoding="UTF-8"?>
<!-- Generated by org.testng.reporters.JUnitReportReporter -->
<testsuite hostname="DESKTOP-DJ1U42P" failures="0" tests="1" name="tests.AddProductsInCart" time="46.263" errors="0" timestamp="2025-05-11T04:08:48 EEST" skipped="0">
  <testcase classname="tests.AddProductsInCart" name="addProductsInCart" time="46.263"/>
</testsuite> <!-- tests.AddProductsInCart -->
