<?xml version="1.0" encoding="UTF-8"?>
<!-- Generated by org.testng.reporters.JUnitReportReporter -->
<testsuite hostname="DESKTOP-DJ1U42P" failures="0" tests="3" name="tests.ViewCategoryProductsandBrands" time="23.318" errors="0" timestamp="2025-05-12T16:50:27 EEST" skipped="0">
  <testcase classname="tests.ViewCategoryProductsandBrands" name="WomenCategory" time="15.040"/>
  <testcase classname="tests.ViewCategoryProductsandBrands" name="MenCategory" time="4.538"/>
  <testcase classname="tests.ViewCategoryProductsandBrands" name="Brands" time="3.740"/>
</testsuite> <!-- tests.ViewCategoryProductsandBrands -->
