<?xml version="1.0" encoding="UTF-8"?>
<!-- Generated by org.testng.reporters.JUnitReportReporter -->
<testsuite hostname="DESKTOP-DJ1U42P" failures="0" tests="1" name="tests.verify_product_quantity_in_cart" time="49.107" errors="0" timestamp="2025-05-11T03:15:43 EEST" skipped="0">
  <testcase classname="tests.verify_product_quantity_in_cart" name="verifyProductQuantityInCart" time="49.107"/>
</testsuite> <!-- tests.verify_product_quantity_in_cart -->
