<?xml version="1.0" encoding="UTF-8"?>
<!-- Generated by org.testng.reporters.JUnitReportReporter -->
<testsuite hostname="DESKTOP-DJ1U42P" failures="0" tests="1" name="tests.AddProductsInCart" time="12.621" errors="0" timestamp="2025-05-12T16:50:27 EEST" skipped="0">
  <testcase classname="tests.AddProductsInCart" name="addProductsInCart" time="12.621"/>
</testsuite> <!-- tests.AddProductsInCart -->
