<?xml version="1.0" encoding="UTF-8"?>
<!-- Generated by org.testng.reporters.JUnitReportReporter -->
<testsuite hostname="DESKTOP-6LTQRNV" failures="0" tests="1" name="tests.AddReview" time="5.608" errors="0" timestamp="2025-05-08T20:25:05 EEST" skipped="0">
  <testcase classname="tests.AddReview" name="addReview" time="5.608"/>
</testsuite> <!-- tests.AddReview -->
