<?xml version="1.0" encoding="UTF-8"?>
<!-- Generated by org.testng.reporters.JUnitReportReporter -->
<testsuite hostname="DESKTOP-DJ1U42P" failures="0" tests="3" name="tests.ViewCategoryProductsandBrands" time="117.775" errors="0" timestamp="2025-05-11T03:08:39 EEST" skipped="0">
  <testcase classname="tests.ViewCategoryProductsandBrands" name="WomenCategory" time="86.989"/>
  <testcase classname="tests.ViewCategoryProductsandBrands" name="MenCategory" time="21.869"/>
  <testcase classname="tests.ViewCategoryProductsandBrands" name="Brands" time="8.917"/>
</testsuite> <!-- tests.ViewCategoryProductsandBrands -->
