<?xml version="1.0" encoding="UTF-8"?>
<!-- Generated by org.testng.reporters.JUnitReportReporter -->
<testsuite hostname="DESKTOP-O9RI43L" failures="0" tests="1" name="tests.LoginTest" time="6.409" errors="0" timestamp="2025-05-04T00:10:17 EEST" skipped="0">
  <testcase classname="tests.LoginTest" name="LoginTest_Happy_Scenario" time="6.409"/>
</testsuite> <!-- tests.LoginTest -->
