<?xml version="1.0" encoding="UTF-8"?>
<!-- Generated by org.testng.reporters.JUnitReportReporter -->
<testsuite hostname="DESKTOP-DJ1U42P" failures="0" tests="2" name="tests.VerifyScroll" time="0.720" errors="0" timestamp="2025-05-08T00:44:03 EEST" skipped="0">
  <testcase classname="tests.VerifyScroll" name="ScrollUPDwonUsingArrowbutton" time="0.589"/>
  <testcase classname="tests.VerifyScroll" name="ScrollUPDwonWithoutUsingArrowbutton" time="0.131"/>
</testsuite> <!-- tests.VerifyScroll -->
