<?xml version="1.0" encoding="UTF-8"?>
<!-- Generated by org.testng.reporters.JUnitReportReporter -->
<testsuite hostname="DESKTOP-DJ1U42P" failures="0" tests="2" name="tests.VerifyScroll" time="0.526" errors="0" timestamp="2025-05-12T16:50:27 EEST" skipped="0">
  <testcase classname="tests.VerifyScroll" name="ScrollUPDwonUsingArrowbutton" time="0.246"/>
  <testcase classname="tests.VerifyScroll" name="ScrollUPDwonWithoutUsingArrowbutton" time="0.280"/>
</testsuite> <!-- tests.VerifyScroll -->
