<?xml version="1.0" encoding="UTF-8"?>
<!-- Generated by org.testng.reporters.JUnitReportReporter -->
<testsuite hostname="DESKTOP-7GTGVOB" failures="0" tests="1" name="tests.remove_products_from_cart" time="16.937" errors="0" timestamp="2025-05-06T02:21:15 EEST" skipped="0">
  <testcase classname="tests.remove_products_from_cart" name="removeProductsFromCart" time="16.937"/>
</testsuite> <!-- tests.remove_products_from_cart -->
