<?xml version="1.0" encoding="UTF-8"?>
<!-- Generated by org.testng.reporters.JUnitReportReporter -->
<testsuite hostname="DESKTOP-O9RI43L" failures="0" tests="1" name="tests.LoginTest_NegativeScenario" time="13.374" errors="0" timestamp="2025-05-04T18:14:57 EEST" skipped="0">
  <testcase classname="tests.LoginTest_NegativeScenario" name="LoginTest_WrongEmail" time="13.374"/>
</testsuite> <!-- tests.LoginTest_NegativeScenario -->
