<?xml version="1.0" encoding="UTF-8"?>
<!-- Generated by org.testng.reporters.JUnitReportReporter -->
<testsuite hostname="DESKTOP-DJ1U42P" failures="0" tests="1" name="tests.VerifyProductQuantityInCart" time="8.301" errors="0" timestamp="2025-05-12T16:50:27 EEST" skipped="0">
  <testcase classname="tests.VerifyProductQuantityInCart" name="verifyProductQuantityInCart" time="8.301"/>
</testsuite> <!-- tests.VerifyProductQuantityInCart -->
