<?xml version="1.0" encoding="UTF-8"?>
<!-- Generated by org.testng.reporters.JUnitReportReporter -->
<testsuite hostname="DESKTOP-DJ1U42P" failures="0" tests="1" name="tests.add_products_in_cart" time="12.491" errors="0" timestamp="2025-05-06T22:37:42 EEST" skipped="0">
  <testcase classname="tests.add_products_in_cart" name="addProductsInCart" time="12.491"/>
</testsuite> <!-- tests.add_products_in_cart -->
