<?xml version="1.0" encoding="UTF-8"?>
<!-- Generated by org.testng.reporters.JUnitReportReporter -->
<testsuite hostname="DESKTOP-DJ1U42P" failures="0" tests="3" name="tests.ViewCategoryProductsandBrands" time="66.031" errors="0" timestamp="2025-05-08T00:41:01 EEST" skipped="0">
  <testcase classname="tests.ViewCategoryProductsandBrands" name="WomenCategory" time="43.489"/>
  <testcase classname="tests.ViewCategoryProductsandBrands" name="MenCategory" time="14.183"/>
  <testcase classname="tests.ViewCategoryProductsandBrands" name="Brands" time="8.359"/>
</testsuite> <!-- tests.ViewCategoryProductsandBrands -->
