<?xml version="1.0" encoding="UTF-8"?>
<!-- Generated by org.testng.reporters.JUnitReportReporter -->
<testsuite hostname="DESKTOP-O9RI43L" failures="0" tests="3" name="tests.LoginTest_HappyScenario" time="15.517" errors="0" timestamp="2025-05-04T17:58:44 EEST" skipped="0">
  <testcase classname="tests.LoginTest_HappyScenario" name="LoginTest_Happy_Scenario" time="3.586"/>
  <testcase classname="tests.LoginTest_HappyScenario" name="LoginTest_Happy_Scenario" time="2.163"/>
  <testcase classname="tests.LoginTest_HappyScenario" name="LoginTest_Happy_Scenario" time="9.768"/>
</testsuite> <!-- tests.LoginTest_HappyScenario -->
