<?xml version="1.0" encoding="UTF-8"?>
<!-- Generated by org.testng.reporters.JUnitReportReporter -->
<testsuite hostname="DESKTOP-O9RI43L" failures="0" tests="3" name="tests.ResgisterTest_HappyScenario" time="28.520" errors="0" timestamp="2025-05-04T19:09:56 EEST" skipped="0">
  <testcase classname="tests.ResgisterTest_HappyScenario" name="Register_Test_HappyScenario" time="13.218"/>
  <testcase classname="tests.ResgisterTest_HappyScenario" name="Register_Test_HappyScenarioBasiclData" time="13.332"/>
  <testcase classname="tests.ResgisterTest_HappyScenario" name="RegisterTest_Negative_Scenario" time="1.970"/>
</testsuite> <!-- tests.ResgisterTest_HappyScenario -->
